Start testing: Apr 01 02:28 EAT
----------------------------------------------------------
1/3 Testing: RingBufferTest.TestInitBuffer
1/3 Test: RingBufferTest.TestInitBuffer
Command: "/home/mutuma/embedded_systems/ring-buffer/build/RingBufferTest" "--gtest_filter=RingBufferTest.TestInitBuffer" "--gtest_also_run_disabled_tests"
Directory: /home/mutuma/embedded_systems/ring-buffer/build
"RingBufferTest.TestInitBuffer" start time: Apr 01 02:28 EAT
Output:
----------------------------------------------------------
Running main() from /home/mutuma/embedded_systems/ring-buffer/build/_deps/googletest-src/googletest/src/gtest_main.cc
Note: Google Test filter = RingBufferTest.TestInitBuffer
[==========] Running 1 test from 1 test suite.
[----------] Global test environment set-up.
[----------] 1 test from RingBufferTest
[ RUN      ] RingBufferTest.TestInitBuffer
[       OK ] RingBufferTest.TestInitBuffer (0 ms)
[----------] 1 test from RingBufferTest (0 ms total)

[----------] Global test environment tear-down
[==========] 1 test from 1 test suite ran. (0 ms total)
[  PASSED  ] 1 test.
<end of output>
Test time =   0.00 sec
----------------------------------------------------------
Test Passed.
"RingBufferTest.TestInitBuffer" end time: Apr 01 02:28 EAT
"RingBufferTest.TestInitBuffer" time elapsed: 00:00:00
----------------------------------------------------------

2/3 Testing: RingBufferTest.TestWriteBuffer
2/3 Test: RingBufferTest.TestWriteBuffer
Command: "/home/mutuma/embedded_systems/ring-buffer/build/RingBufferTest" "--gtest_filter=RingBufferTest.TestWriteBuffer" "--gtest_also_run_disabled_tests"
Directory: /home/mutuma/embedded_systems/ring-buffer/build
"RingBufferTest.TestWriteBuffer" start time: Apr 01 02:28 EAT
Output:
----------------------------------------------------------
Running main() from /home/mutuma/embedded_systems/ring-buffer/build/_deps/googletest-src/googletest/src/gtest_main.cc
Note: Google Test filter = RingBufferTest.TestWriteBuffer
[==========] Running 1 test from 1 test suite.
[----------] Global test environment set-up.
[----------] 1 test from RingBufferTest
[ RUN      ] RingBufferTest.TestWriteBuffer
[       OK ] RingBufferTest.TestWriteBuffer (0 ms)
[----------] 1 test from RingBufferTest (0 ms total)

[----------] Global test environment tear-down
[==========] 1 test from 1 test suite ran. (0 ms total)
[  PASSED  ] 1 test.
<end of output>
Test time =   0.00 sec
----------------------------------------------------------
Test Passed.
"RingBufferTest.TestWriteBuffer" end time: Apr 01 02:28 EAT
"RingBufferTest.TestWriteBuffer" time elapsed: 00:00:00
----------------------------------------------------------

3/3 Testing: RingBufferTest.TestReadBuffer
3/3 Test: RingBufferTest.TestReadBuffer
Command: "/home/mutuma/embedded_systems/ring-buffer/build/RingBufferTest" "--gtest_filter=RingBufferTest.TestReadBuffer" "--gtest_also_run_disabled_tests"
Directory: /home/mutuma/embedded_systems/ring-buffer/build
"RingBufferTest.TestReadBuffer" start time: Apr 01 02:28 EAT
Output:
----------------------------------------------------------
Running main() from /home/mutuma/embedded_systems/ring-buffer/build/_deps/googletest-src/googletest/src/gtest_main.cc
Note: Google Test filter = RingBufferTest.TestReadBuffer
[==========] Running 1 test from 1 test suite.
[----------] Global test environment set-up.
[----------] 1 test from RingBufferTest
[ RUN      ] RingBufferTest.TestReadBuffer
/home/mutuma/embedded_systems/ring-buffer/test/test.cpp:55: Failure
Expected equality of these values:
  result.is_valid
    Which is: false
  true
/home/mutuma/embedded_systems/ring-buffer/test/test.cpp:56: Failure
Expected equality of these values:
  result.value
    Which is: '\0'
  10
/home/mutuma/embedded_systems/ring-buffer/test/test.cpp:57: Failure
Expected equality of these values:
  GetBufferLength(&buffer)
    Which is: 0
  2
/home/mutuma/embedded_systems/ring-buffer/test/test.cpp:58: Failure
Expected equality of these values:
  GetReadIndex(&buffer)
    Which is: 0
  1
/home/mutuma/embedded_systems/ring-buffer/test/test.cpp:59: Failure
Expected equality of these values:
  GetWriteIndex(&buffer)
    Which is: 0
  2
/home/mutuma/embedded_systems/ring-buffer/test/test.cpp:62: Failure
Expected equality of these values:
  result.is_valid
    Which is: false
  true
/home/mutuma/embedded_systems/ring-buffer/test/test.cpp:63: Failure
Expected equality of these values:
  result.value
    Which is: '\0'
  20
/home/mutuma/embedded_systems/ring-buffer/test/test.cpp:66: Failure
Expected equality of these values:
  result.is_valid
    Which is: false
  true
/home/mutuma/embedded_systems/ring-buffer/test/test.cpp:67: Failure
Expected equality of these values:
  result.value
    Which is: '\0'
  30
[  FAILED  ] RingBufferTest.TestReadBuffer (0 ms)
[----------] 1 test from RingBufferTest (0 ms total)

[----------] Global test environment tear-down
[==========] 1 test from 1 test suite ran. (0 ms total)
[  PASSED  ] 0 tests.
[  FAILED  ] 1 test, listed below:
[  FAILED  ] RingBufferTest.TestReadBuffer

 1 FAILED TEST
<end of output>
Test time =   0.00 sec
----------------------------------------------------------
Test Failed.
"RingBufferTest.TestReadBuffer" end time: Apr 01 02:28 EAT
"RingBufferTest.TestReadBuffer" time elapsed: 00:00:00
----------------------------------------------------------

End testing: Apr 01 02:28 EAT
